1217 84
1301 84
1385 84
1469 84
42841 84
42925 84
43009 84
43093 84
54709 84
2434 168
2602 168
2770 168
2938 168
4868 336
5204 336
5540 336
5876 336
6085 420
6505 420
6925 420
7345 420
361 588
38873 588
39461 588
40049 588
9736 672
10408 672
11080 672
11752 672
25049 672
10953 756
11709 756
12465 756
13221 756
12170 840
13010 840
13850 840
14690 840
361 924
1285 924
5041 924
5693 924
5965 924
12953 924
13877 924
14801 924
15725 924
33661 924
15821 1092
16913 1092
18005 1092
19097 1092
722 1176
17 1344
19472 1344
20816 1344
22160 1344
23504 1344
20689 1428
22117 1428
23545 1428
24973 1428
21906 1512
23418 1512
24930 1512
26442 1512
22397 1596
23993 1596
25589 1596
27185 1596
24340 1680
26020 1680
27700 1680
29380 1680
26977 1764
722 1848
2570 1848
4793 1848
10082 1848
11386 1848
11930 1848
25906 1848
27754 1848
29602 1848
31450 1848
30425 2100
32525 2100
34625 2100
36725 2100
31642 2184
1444 2352
35293 2436
37729 2436
34 2688
13421 2772
16193 2772
18965 2772
21737 2772
24509 2772
1805 2940
1444 3696
1805 3696
5140 3696
1805 4620
3610 5880
